# JRE version: Java(TM) SE Runtime Environment (15.0.2+7) (build 15.0.2+7-27)
# Java VM: Java HotSpot(TM) 64-Bit Server VM (15.0.2+7-27, mixed mode, sharing, tiered, compressed oops, g1 gc, windows-amd64)
GC Precious Log:
 CPUs: 4 total, 4 available
 Memory: 8023M
 Large Page Support: Disabled
 NUMA Support: Disabled
 Compressed Oops: Enabled (32-bit)
 Heap Region Size: 1M
 Heap Min Capacity: 8M
 Heap Initial Capacity: 126M
 Heap Max Capacity: 2006M
 Pre-touch: Enabled
 Parallel Workers: 4
 Concurrent Workers: 1
 Concurrent Refinement Workers: 4
 Periodic GC: Disabled
Heap:
 garbage-first heap   total 89088K, used 40830K [0x0000000082a00000, 0x0000000100000000)
  region size 1024K, 17 young (17408K), 5 survivors (5120K)
 Metaspace       used 49646K, capacity 50361K, committed 50512K, reserved 1093632K
  class space    used 6455K, capacity 6718K, committed 6784K, reserved 1048576K
GC Heap History (20 events):
Event: 2.260 GC heap before
{Heap before GC invocations=4 (full 0):
 garbage-first heap   total 129024K, used 98245K [0x0000000082a00000, 0x0000000100000000)
  region size 1024K, 75 young (76800K), 1 survivors (1024K)
 Metaspace       used 6184K, capacity 7498K, committed 7680K, reserved 1056768K
  class space    used 509K, capacity 642K, committed 768K, reserved 1048576K
}
Event: 2.264 GC heap after
{Heap after GC invocations=5 (full 0):
 garbage-first heap   total 129024K, used 13551K [0x0000000082a00000, 0x0000000100000000)
  region size 1024K, 4 young (4096K), 4 survivors (4096K)
 Metaspace       used 6184K, capacity 7498K, committed 7680K, reserved 1056768K
  class space    used 509K, capacity 642K, committed 768K, reserved 1048576K
}
Event: 4.986 GC heap before
{Heap before GC invocations=5 (full 0):
 garbage-first heap   total 129024K, used 89327K [0x0000000082a00000, 0x0000000100000000)
  region size 1024K, 75 young (76800K), 4 survivors (4096K)
 Metaspace       used 20827K, capacity 21189K, committed 21248K, reserved 1069056K
  class space    used 2371K, capacity 2507K, committed 2560K, reserved 1048576K
}
Event: 4.995 GC heap after
{Heap after GC invocations=6 (full 0):
 garbage-first heap   total 129024K, used 17660K [0x0000000082a00000, 0x0000000100000000)
  region size 1024K, 9 young (9216K), 9 survivors (9216K)
 Metaspace       used 20827K, capacity 21189K, committed 21248K, reserved 1069056K
  class space    used 2371K, capacity 2507K, committed 2560K, reserved 1048576K
}
Event: 5.018 GC heap before
{Heap before GC invocations=6 (full 0):
 garbage-first heap   total 129024K, used 17660K [0x0000000082a00000, 0x0000000100000000)
  region size 1024K, 10 young (10240K), 9 survivors (9216K)
 Metaspace       used 20924K, capacity 21243K, committed 21296K, reserved 1069056K
  class space    used 2385K, capacity 2523K, committed 2560K, reserved 1048576K
}
Event: 5.025 GC heap after
{Heap after GC invocations=7 (full 0):
 garbage-first heap   total 129024K, used 18393K [0x0000000082a00000, 0x0000000100000000)
  region size 1024K, 6 young (6144K), 6 survivors (6144K)
 Metaspace       used 20924K, capacity 21243K, committed 21296K, reserved 1069056K
  class space    used 2385K, capacity 2523K, committed 2560K, reserved 1048576K
}
Event: 6.143 GC heap before
{Heap before GC invocations=8 (full 0):
 garbage-first heap   total 68608K, used 53209K [0x0000000082a00000, 0x0000000100000000)
  region size 1024K, 40 young (40960K), 6 survivors (6144K)
 Metaspace       used 28817K, capacity 29175K, committed 29312K, reserved 1075200K
  class space    used 3528K, capacity 3686K, committed 3712K, reserved 1048576K
}
Event: 6.158 GC heap after
{Heap after GC invocations=9 (full 0):
 garbage-first heap   total 68608K, used 22627K [0x0000000082a00000, 0x0000000100000000)
  region size 1024K, 5 young (5120K), 5 survivors (5120K)
 Metaspace       used 28817K, capacity 29175K, committed 29312K, reserved 1075200K
  class space    used 3528K, capacity 3686K, committed 3712K, reserved 1048576K
}
Event: 6.731 GC heap before
{Heap before GC invocations=9 (full 0):
 garbage-first heap   total 68608K, used 50275K [0x0000000082a00000, 0x0000000100000000)
  region size 1024K, 32 young (32768K), 5 survivors (5120K)
 Metaspace       used 34180K, capacity 34555K, committed 34816K, reserved 1079296K
  class space    used 4369K, capacity 4519K, committed 4608K, reserved 1048576K
}
Event: 6.752 GC heap after
{Heap after GC invocations=10 (full 0):
 garbage-first heap   total 103424K, used 23950K [0x0000000082a00000, 0x0000000100000000)
  region size 1024K, 2 young (2048K), 2 survivors (2048K)
 Metaspace       used 34180K, capacity 34555K, committed 34816K, reserved 1079296K
  class space    used 4369K, capacity 4519K, committed 4608K, reserved 1048576K
}
Event: 6.968 GC heap before
{Heap before GC invocations=10 (full 0):
 garbage-first heap   total 103424K, used 39310K [0x0000000082a00000, 0x0000000100000000)
  region size 1024K, 18 young (18432K), 2 survivors (2048K)
 Metaspace       used 35340K, capacity 35859K, committed 35920K, reserved 1081344K
  class space    used 4514K, capacity 4693K, committed 4736K, reserved 1048576K
}
Event: 6.972 GC heap after
{Heap after GC invocations=11 (full 0):
 garbage-first heap   total 103424K, used 23643K [0x0000000082a00000, 0x0000000100000000)
  region size 1024K, 2 young (2048K), 2 survivors (2048K)
 Metaspace       used 35340K, capacity 35859K, committed 35920K, reserved 1081344K
  class space    used 4514K, capacity 4693K, committed 4736K, reserved 1048576K
}
Event: 7.535 GC heap before
{Heap before GC invocations=12 (full 0):
 garbage-first heap   total 89088K, used 75867K [0x0000000082a00000, 0x0000000100000000)
  region size 1024K, 52 young (53248K), 2 survivors (2048K)
 Metaspace       used 41188K, capacity 41803K, committed 41936K, reserved 1085440K
  class space    used 5350K, capacity 5580K, committed 5632K, reserved 1048576K
}
Event: 7.539 GC heap after
{Heap after GC invocations=13 (full 0):
 garbage-first heap   total 89088K, used 26385K [0x0000000082a00000, 0x0000000100000000)
  region size 1024K, 3 young (3072K), 3 survivors (3072K)
 Metaspace       used 41188K, capacity 41803K, committed 41936K, reserved 1085440K
  class space    used 5350K, capacity 5580K, committed 5632K, reserved 1048576K
}
Event: 7.607 GC heap before
{Heap before GC invocations=13 (full 0):
 garbage-first heap   total 89088K, used 74513K [0x0000000082a00000, 0x0000000100000000)
  region size 1024K, 45 young (46080K), 3 survivors (3072K)
 Metaspace       used 41194K, capacity 41807K, committed 41936K, reserved 1085440K
  class space    used 5350K, capacity 5580K, committed 5632K, reserved 1048576K
}
Event: 7.611 GC heap after
{Heap after GC invocations=14 (full 0):
 garbage-first heap   total 89088K, used 28584K [0x0000000082a00000, 0x0000000100000000)
  region size 1024K, 5 young (5120K), 5 survivors (5120K)
 Metaspace       used 41194K, capacity 41807K, committed 41936K, reserved 1085440K
  class space    used 5350K, capacity 5580K, committed 5632K, reserved 1048576K
}
Event: 7.686 GC heap before
{Heap before GC invocations=14 (full 0):
 garbage-first heap   total 89088K, used 78760K [0x0000000082a00000, 0x0000000100000000)
  region size 1024K, 45 young (46080K), 5 survivors (5120K)
 Metaspace       used 41205K, capacity 41807K, committed 41936K, reserved 1085440K
  class space    used 5350K, capacity 5580K, committed 5632K, reserved 1048576K
}
Event: 7.690 GC heap after
{Heap after GC invocations=15 (full 0):
 garbage-first heap   total 89088K, used 31140K [0x0000000082a00000, 0x0000000100000000)
  region size 1024K, 3 young (3072K), 3 survivors (3072K)
 Metaspace       used 41205K, capacity 41807K, committed 41936K, reserved 1085440K
  class space    used 5350K, capacity 5580K, committed 5632K, reserved 1048576K
}
Event: 8.740 GC heap before
{Heap before GC invocations=15 (full 0):
 garbage-first heap   total 89088K, used 69028K [0x0000000082a00000, 0x0000000100000000)
  region size 1024K, 40 young (40960K), 3 survivors (3072K)
 Metaspace       used 49114K, capacity 49880K, committed 50000K, reserved 1093632K
  class space    used 6412K, capacity 6686K, committed 6784K, reserved 1048576K
}
Event: 8.742 GC heap after
{Heap after GC invocations=16 (full 0):
 garbage-first heap   total 89088K, used 29566K [0x0000000082a00000, 0x0000000100000000)
  region size 1024K, 5 young (5120K), 5 survivors (5120K)
 Metaspace       used 49114K, capacity 49880K, committed 50000K, reserved 1093632K
  class space    used 6412K, capacity 6686K, committed 6784K, reserved 1048576K
}

